[2022-01-30 00:00:33] production.ERROR: file_put_contents(D:\laragon\www\dizzcox\@core\storage\framework/cache/data/c9/4b/c94b8ed0c595053430e2d22154610f919870e8ff): failed to open stream: Permission denied {"exception":"[object] (ErrorException(code: 0): file_put_contents(D:\\laragon\\www\\dizzcox\\@core\\storage\\framework/cache/data/c9/4b/c94b8ed0c595053430e2d22154610f919870e8ff): failed to open stream: Permission denied at D:\\laragon\\www\\dizzcox\\@core\\vendor\\laravel\\framework\\src\\Illuminate\\Filesystem\\Filesystem.php:135)
[stacktrace]
#0 [internal function]: Illuminate\\Foundation\\Bootstrap\\HandleExceptions->handleError(2, 'file_put_conten...', 'D:\\\\laragon\\\\www\\\\...', 135, Array)
#1 D:\\laragon\\www\\dizzcox\\@core\\vendor\\laravel\\framework\\src\\Illuminate\\Filesystem\\Filesystem.php(135): file_put_contents('D:\\\\laragon\\\\www\\\\...', '1643587231O:16:...', 2)
#2 D:\\laragon\\www\\dizzcox\\@core\\vendor\\laravel\\framework\\src\\Illuminate\\Cache\\FileStore.php(74): Illuminate\\Filesystem\\Filesystem->put('D:\\\\laragon\\\\www\\\\...', '1643587231O:16:...', true)
#3 D:\\laragon\\www\\dizzcox\\@core\\vendor\\laravel\\framework\\src\\Illuminate\\Cache\\Repository.php(211): Illuminate\\Cache\\FileStore->put('team_page_slug', Object(App\\StaticOption), 86400)
#4 D:\\laragon\\www\\dizzcox\\@core\\vendor\\laravel\\framework\\src\\Illuminate\\Cache\\Repository.php(383): Illuminate\\Cache\\Repository->put('team_page_slug', Object(App\\StaticOption), 86400)
#5 D:\\laragon\\www\\dizzcox\\@core\\vendor\\laravel\\framework\\src\\Illuminate\\Cache\\CacheManager.php(383): Illuminate\\Cache\\Repository->remember('team_page_slug', 86400, Object(Closure))
#6 D:\\laragon\\www\\dizzcox\\@core\\vendor\\laravel\\framework\\src\\Illuminate\\Support\\Facades\\Facade.php(261): Illuminate\\Cache\\CacheManager->__call('remember', Array)
#7 D:\\laragon\\www\\dizzcox\\@core\\app\\Helpers\\helpers.php(109): Illuminate\\Support\\Facades\\Facade::__callStatic('remember', Array)
#8 D:\\laragon\\www\\dizzcox\\@core\outes\\web.php(63): get_static_option('team_page_slug')
#9 D:\\laragon\\www\\dizzcox\\@core\\vendor\\laravel\\framework\\src\\Illuminate\\Routing\\Router.php(415): Illuminate\\Routing\\RouteFileRegistrar->{closure}(Object(Illuminate\\Routing\\Router))
#10 D:\\laragon\\www\\dizzcox\\@core\\vendor\\laravel\\framework\\src\\Illuminate\\Routing\\Router.php(374): Illuminate\\Routing\\Router->loadRoutes(Object(Closure))
#11 D:\\laragon\\www\\dizzcox\\@core\\vendor\\laravel\\framework\\src\\Illuminate\\Support\\Facades\\Facade.php(261): Illuminate\\Routing\\Router->group(Array, Object(Closure))
#12 D:\\laragon\\www\\dizzcox\\@core\outes\\web.php(114): Illuminate\\Support\\Facades\\Facade::__callStatic('group', Array)
#13 D:\\laragon\\www\\dizzcox\\@core\\vendor\\laravel\\framework\\src\\Illuminate\\Routing\\RouteFileRegistrar.php(35): require('D:\\\\laragon\\\\www\\\\...')
#14 D:\\laragon\\www\\dizzcox\\@core\\vendor\\laravel\\framework\\src\\Illuminate\\Routing\\Router.php(417): Illuminate\\Routing\\RouteFileRegistrar->register('D:\\\\laragon\\\\www\\\\...')
#15 D:\\laragon\\www\\dizzcox\\@core\\vendor\\laravel\\framework\\src\\Illuminate\\Routing\\Router.php(374): Illuminate\\Routing\\Router->loadRoutes('D:\\\\laragon\\\\www\\\\...')
#16 D:\\laragon\\www\\dizzcox\\@core\\vendor\\laravel\\framework\\src\\Illuminate\\Routing\\RouteRegistrar.php(135): Illuminate\\Routing\\Router->group(Array, 'D:\\\\laragon\\\\www\\\\...')
#17 D:\\laragon\\www\\dizzcox\\@core\\app\\Providers\\RouteServiceProvider.php(56): Illuminate\\Routing\\RouteRegistrar->group('D:\\\\laragon\\\\www\\\\...')
#18 D:\\laragon\\www\\dizzcox\\@core\\app\\Providers\\RouteServiceProvider.php(40): App\\Providers\\RouteServiceProvider->mapWebRoutes()
#19 D:\\laragon\\www\\dizzcox\\@core\\vendor\\laravel\\framework\\src\\Illuminate\\Container\\BoundMethod.php(36): App\\Providers\\RouteServiceProvider->map()
#20 D:\\laragon\\www\\dizzcox\\@core\\vendor\\laravel\\framework\\src\\Illuminate\\Container\\Util.php(37): Illuminate\\Container\\BoundMethod::Illuminate\\Container\\{closure}()
#21 D:\\laragon\\www\\dizzcox\\@core\\vendor\\laravel\\framework\\src\\Illuminate\\Container\\BoundMethod.php(93): Illuminate\\Container\\Util::unwrapIfClosure(Object(Closure))
#22 D:\\laragon\\www\\dizzcox\\@core\\vendor\\laravel\\framework\\src\\Illuminate\\Container\\BoundMethod.php(37): Illuminate\\Container\\BoundMethod::callBoundMethod(Object(Illuminate\\Foundation\\Application), Array, Object(Closure))
#23 D:\\laragon\\www\\dizzcox\\@core\\vendor\\laravel\\framework\\src\\Illuminate\\Container\\Container.php(596): Illuminate\\Container\\BoundMethod::call(Object(Illuminate\\Foundation\\Application), Array, Array, NULL)
#24 D:\\laragon\\www\\dizzcox\\@core\\vendor\\laravel\\framework\\src\\Illuminate\\Foundation\\Support\\Providers\\RouteServiceProvider.php(87): Illuminate\\Container\\Container->call(Array)
#25 D:\\laragon\\www\\dizzcox\\@core\\vendor\\laravel\\framework\\src\\Illuminate\\Foundation\\Support\\Providers\\RouteServiceProvider.php(36): Illuminate\\Foundation\\Support\\Providers\\RouteServiceProvider->loadRoutes()
#26 D:\\laragon\\www\\dizzcox\\@core\\app\\Providers\\RouteServiceProvider.php(28): Illuminate\\Foundation\\Support\\Providers\\RouteServiceProvider->boot()
#27 D:\\laragon\\www\\dizzcox\\@core\\vendor\\laravel\\framework\\src\\Illuminate\\Container\\BoundMethod.php(36): App\\Providers\\RouteServiceProvider->boot()
#28 D:\\laragon\\www\\dizzcox\\@core\\vendor\\laravel\\framework\\src\\Illuminate\\Container\\Util.php(37): Illuminate\\Container\\BoundMethod::Illuminate\\Container\\{closure}()
#29 D:\\laragon\\www\\dizzcox\\@core\\vendor\\laravel\\framework\\src\\Illuminate\\Container\\BoundMethod.php(93): Illuminate\\Container\\Util::unwrapIfClosure(Object(Closure))
#30 D:\\laragon\\www\\dizzcox\\@core\\vendor\\laravel\\framework\\src\\Illuminate\\Container\\BoundMethod.php(37): Illuminate\\Container\\BoundMethod::callBoundMethod(Object(Illuminate\\Foundation\\Application), Array, Object(Closure))
#31 D:\\laragon\\www\\dizzcox\\@core\\vendor\\laravel\\framework\\src\\Illuminate\\Container\\Container.php(596): Illuminate\\Container\\BoundMethod::call(Object(Illuminate\\Foundation\\Application), Array, Array, NULL)
#32 D:\\laragon\\www\\dizzcox\\@core\\vendor\\laravel\\framework\\src\\Illuminate\\Foundation\\Application.php(867): Illuminate\\Container\\Container->call(Array)
#33 D:\\laragon\\www\\dizzcox\\@core\\vendor\\laravel\\framework\\src\\Illuminate\\Foundation\\Application.php(850): Illuminate\\Foundation\\Application->bootProvider(Object(App\\Providers\\RouteServiceProvider))
#34 [internal function]: Illuminate\\Foundation\\Application->Illuminate\\Foundation\\{closure}(Object(App\\Providers\\RouteServiceProvider), 33)
#35 D:\\laragon\\www\\dizzcox\\@core\\vendor\\laravel\\framework\\src\\Illuminate\\Foundation\\Application.php(851): array_walk(Array, Object(Closure))
#36 D:\\laragon\\www\\dizzcox\\@core\\vendor\\laravel\\framework\\src\\Illuminate\\Foundation\\Bootstrap\\BootProviders.php(17): Illuminate\\Foundation\\Application->boot()
#37 D:\\laragon\\www\\dizzcox\\@core\\vendor\\laravel\\framework\\src\\Illuminate\\Foundation\\Application.php(230): Illuminate\\Foundation\\Bootstrap\\BootProviders->bootstrap(Object(Illuminate\\Foundation\\Application))
#38 D:\\laragon\\www\\dizzcox\\@core\\vendor\\laravel\\framework\\src\\Illuminate\\Foundation\\Http\\Kernel.php(151): Illuminate\\Foundation\\Application->bootstrapWith(Array)
#39 D:\\laragon\\www\\dizzcox\\@core\\vendor\\laravel\\framework\\src\\Illuminate\\Foundation\\Http\\Kernel.php(135): Illuminate\\Foundation\\Http\\Kernel->bootstrap()
#40 D:\\laragon\\www\\dizzcox\\@core\\vendor\\laravel\\framework\\src\\Illuminate\\Foundation\\Http\\Kernel.php(109): Illuminate\\Foundation\\Http\\Kernel->sendRequestThroughRouter(Object(Illuminate\\Http\\Request))
#41 D:\\laragon\\www\\dizzcox\\index.php(55): Illuminate\\Foundation\\Http\\Kernel->handle(Object(Illuminate\\Http\\Request))
#42 {main}
"} 
